Determining if the pthread_create exist failed with the following output:
Change Dir: /home/robot/Final/2.12-Final-Project/build/CMakeFiles/CMakeTmp

Run Build Command:"/usr/bin/make" "cmTryCompileExec785815168/fast"
/usr/bin/make -f CMakeFiles/cmTryCompileExec785815168.dir/build.make CMakeFiles/cmTryCompileExec785815168.dir/build
make[1]: Entering directory '/home/robot/Final/2.12-Final-Project/build/CMakeFiles/CMakeTmp'
/usr/local/bin/cmake -E cmake_progress_report /home/robot/Final/2.12-Final-Project/build/CMakeFiles/CMakeTmp/CMakeFiles 1
Building C object CMakeFiles/cmTryCompileExec785815168.dir/CheckSymbolExists.c.o
/usr/bin/cc   -Wreturn-type -Wuninitialized     -o CMakeFiles/cmTryCompileExec785815168.dir/CheckSymbolExists.c.o   -c /home/robot/Final/2.12-Final-Project/build/CMakeFiles/CMakeTmp/CheckSymbolExists.c
Linking C executable cmTryCompileExec785815168
/usr/local/bin/cmake -E cmake_link_script CMakeFiles/cmTryCompileExec785815168.dir/link.txt --verbose=1
/usr/bin/cc   -Wreturn-type -Wuninitialized      CMakeFiles/cmTryCompileExec785815168.dir/CheckSymbolExists.c.o  -o cmTryCompileExec785815168 -rdynamic 
CMakeFiles/cmTryCompileExec785815168.dir/CheckSymbolExists.c.o: In function `main':
CheckSymbolExists.c:(.text+0x16): undefined reference to `pthread_create'
collect2: error: ld returned 1 exit status
CMakeFiles/cmTryCompileExec785815168.dir/build.make:88: recipe for target 'cmTryCompileExec785815168' failed
make[1]: Leaving directory '/home/robot/Final/2.12-Final-Project/build/CMakeFiles/CMakeTmp'
make[1]: *** [cmTryCompileExec785815168] Error 1
Makefile:117: recipe for target 'cmTryCompileExec785815168/fast' failed
make: *** [cmTryCompileExec785815168/fast] Error 2

File /home/robot/Final/2.12-Final-Project/build/CMakeFiles/CMakeTmp/CheckSymbolExists.c:
/* */
#include <pthread.h>

int main(int argc, char** argv)
{
  (void)argv;
#ifndef pthread_create
  return ((int*)(&pthread_create))[argc];
#else
  (void)argc;
  return 0;
#endif
}

Determining if the function pthread_create exists in the pthreads failed with the following output:
Change Dir: /home/robot/Final/2.12-Final-Project/build/CMakeFiles/CMakeTmp

Run Build Command:"/usr/bin/make" "cmTryCompileExec56631134/fast"
/usr/bin/make -f CMakeFiles/cmTryCompileExec56631134.dir/build.make CMakeFiles/cmTryCompileExec56631134.dir/build
make[1]: Entering directory '/home/robot/Final/2.12-Final-Project/build/CMakeFiles/CMakeTmp'
/usr/local/bin/cmake -E cmake_progress_report /home/robot/Final/2.12-Final-Project/build/CMakeFiles/CMakeTmp/CMakeFiles 1
Building C object CMakeFiles/cmTryCompileExec56631134.dir/CheckFunctionExists.c.o
/usr/bin/cc   -Wreturn-type -Wuninitialized  -DCHECK_FUNCTION_EXISTS=pthread_create   -o CMakeFiles/cmTryCompileExec56631134.dir/CheckFunctionExists.c.o   -c /usr/local/share/cmake-3.2/Modules/CheckFunctionExists.c
Linking C executable cmTryCompileExec56631134
/usr/local/bin/cmake -E cmake_link_script CMakeFiles/cmTryCompileExec56631134.dir/link.txt --verbose=1
/usr/bin/cc   -Wreturn-type -Wuninitialized  -DCHECK_FUNCTION_EXISTS=pthread_create    CMakeFiles/cmTryCompileExec56631134.dir/CheckFunctionExists.c.o  -o cmTryCompileExec56631134 -rdynamic -lpthreads 
/usr/bin/ld: cannot find -lpthreads
collect2: error: ld returned 1 exit status
CMakeFiles/cmTryCompileExec56631134.dir/build.make:88: recipe for target 'cmTryCompileExec56631134' failed
make[1]: Leaving directory '/home/robot/Final/2.12-Final-Project/build/CMakeFiles/CMakeTmp'
make[1]: *** [cmTryCompileExec56631134] Error 1
Makefile:117: recipe for target 'cmTryCompileExec56631134/fast' failed
make: *** [cmTryCompileExec56631134/fast] Error 2


